   M
  MA
 MAR
MARS
ARS
RS
S

      J
     JU
    JUP
   JUPI
  JUPIT
 JUPITE
JUPITER
UPITER
PITER
ITER
TER
ER
R

     S
    SA
   SAT
  SATU
 SATUR
SATURN
ATURN
TURN
URN
RN
N

     E
    EU
   EUR
  EURO
 EUROP
EUROPA
UROPA
ROPA
OPA
PA
A

         G
        GL
       GLI
      GLIE
     GLIES
    GLIESE
   GLIESE5
  GLIESE58
 GLIESE581
GLIESE581G
LIESE581G
IESE581G
ESE581G
SE581G
E581G
581G
81G
1G
G

       G
      GA
     GAN
    GANY
   GANYM
  GANYME
 GANYMED
GANYMEDE
ANYMEDE
NYMEDE
YMEDE
MEDE
EDE
DE
E
