************
*Don't.Mess*
*...With...*
*..Texas...*
************

SIGN CANNOT BE MADE

************
*...UIL....*
*...Sign...*
*.Company..*
************

************
*...Turn...*
*..Right...*
*..........*
************

************
*..........*
*..Word!...*
*..........*
************

************
*0123456789*
*0123456789*
*..........*
************

************
*Watch.For.*
*Ice.On.The*
*...Road...*
************

************
*..Dairy...*
*..Queen...*
*..........*
************

************
*....No....*
*...Thru...*
*.Traffic..*
************

************
*...Exit...*
*...163....*
*..........*
************

SIGN CANNOT BE MADE

SIGN CANNOT BE MADE

************
*A.B.C.D.E.*
*..F.G.H...*
*....I.....*
************

************
*We.Do.Not.*
*.Have.Ice.*
*..Cream...*
************

************
*razzmatazz*
*whizzbangs*
*zigzagging*
************

SIGN CANNOT BE MADE

SIGN CANNOT BE MADE
