NONE

ENJOY
ENJOY
ENJOY
ENJOY
EVERY
EVERY
EVERY
EVERY
EVERY
FULLY
JAGGY
LEGGY
LOGGY
MANLY
MARRY
MOGGY
MUGGY
NAGGY
RAGGY
READY
SAGGY
SOGGY
VUGGY
WIGGY

MIGGSSDGF
SOGGYSGSF
VUGGYGFDF
WIGGYSDGF

A
A
A
A
A
A
A
A
A
A
A
A
A
A
A
A
A
A
A
A
A
A
A
A
A
A
A
A
A
A
A
A
A
A
A
A
A
A
A
A

ASPIRATION
CONNECTION
DESOLATION
EMIGRATION
FEDERATION
FOUNDATION
FOUNDATION
LIMITATION
LIMITATION
LIMITATION
OPPRESSION
POPULATION
PRODUCTION
PROTECTION
PROTECTION
PROTECTION
PROTECTION
PROTECTION
PROTECTION
PROTECTION
PROTECTION
PROTECTION
PROTECTION
PROTECTION
REPUTATION
SEPARATION
SEPARATION
TOLERATION

AGE
AGE
ARE
ARE
ARE
ARE
ARE
ARE
ARE
ARE
ARE
ARE
ARE
ARE
ARE
ARE
ARE
ARE
ARE
ARE
DEE
DUE
DUE
EKE
EME
ERE
EVE
EWE
EYE
FEE
ONE
ONE
ONE
ONE
ONE
ONE
ONE
ONE
ONE
ONE
ONE
ONE
SHE
THE
THE
THE
THE
THE
THE
THE
THE
THE
THE
THE
THE
THE
THE
THE
THE
THE
THE
THE
THE
THE
THE
THE
THE
THE
THE
THE
THE
THE
THE
THE
THE
THE
THE
THE
THE
THE
THE
THE
THE
THE
THE
THE
THE
THE
THE
THE
THE
THE
THE
THE
THE
THE
THE
THE
THE
THE
THE
THE
THE
THE
THE
THE
THE
THE
THE
THE
THE
THE
THE
THE
THE
THE
THE
THE
THE
THE
THE
THE
THE
THE
THE
THE
THE
THE
THE
THE
THE
THE
THE
THE
THE
THE
THE
THE
THE
THE
THE
THE
THE
THE
THE
THE
THE
THE
THE
THE
THE
THE
THE
THE
THE
THE
THE
THE
THE
THE
THE
THE
THE
THE
THE
THE
THE
THE
THE
THE
THE
THE
THE
THE
THE
THE
THE
THE
THE
THE
THE
THE
THE
THE
THE
THE
THE
THE
THE
THE
THE
THE
THE
THE
THE
THE
THE
THE
THE
THE
THE
THE
THE
THE
THE
THE
THE
THE
THE
THE
THE
THE
THE
THE
THE
THE
THE
THE
THE
THE
THE
THE
THE
THE
THE
THE
THE
THE
THE
THE
THE
THE
THE
THE
THE
THE
THE
THE
THE
THE
THE
THE
THE
THE
THE
THE
THE
THE
THE
THE
THE
THE
THE
THE
THE
THE
THE
THE
THE
THE
THE
THE

AAAAAAAAAAAAAAAAAA
SESQUIPEDALOPHOBIA

SESQUIPEDALOPHOBIASQUIPEDALOPHOBIS
SUPERCALIFRAGILISTICEXPIALIDOCIOUS

ADVENT
AMOUNT
ARREST
ASLIST
ASSENT
ASSENT
ASSENT
ASSENT
CHARAT
COMMIT
DECENT
DIRECT
EFFECT
EFFORT
IMPART
IMPORT
IMPORT
IMPORT
IMPORT
IMPORT
OBJECT
OBJECT
RESORT
SECRET
SPIRIT
TYRANT

NONE

