Josef Schodek is a DINOSAUR!
James Schoener is a DINOSAUR!
Colton Mikeska is a DINOSAUR!
Josh Nieto is a DINOSAUR!
Jason Ricklefsen is a DINOSAUR!
Marco Padron is a DINOSAUR!
Luis Cortes is a DINOSAUR!
Hayden Kraft is a DINOSAUR!
Will is COOL!
Mason Howell is a DINOSAUR!
Bryce Thumann is a DINOSAUR!
Emily Foytik is a DINOSAUR!
Tristan Amos is a DINOSAUR!
Amanda Macha is COOL!
Claudia Garcia is COOL!
William McKinney is COOL!
Cree D'Agostino is COOL!
Colton Spitdowski is COOL!
Bailey Nugent is COOL!
Abby Myska is COOL!
Vincent Atkin is COOL!
Sebastian Ricklefsen is COOL!