Eri
Eri
Eri
Go
Go
H
Mor
Mor
Mor
Rhu
Rhu
Rhu
Rohan
Rohan
Rohan
Rohan
Rohan
Wilderla
Wilderla
Wilderla
Wilderla
Wilderla
Wilderla
Wilderla
Wilderla
Alm
Alm
Alm
Beleria
Beleria
Beleria
Beleria
Beleria
Beleria
Beleria
Cuivien
Cuivien
Cuivien
Cuivien
Cuivien
Cuivien
Cuivien
Gon
Gon
Gon
Thangorodrim
Thangorodrim
Thangorodrim
Thangorodrim
Thangorodrim
Thangorodrim
Thangorodrim
Thangorodrim
Thangorodrim
Thangorodrim
Thangorodrim
Thangorodrim
T
Ar
Ar
Dara
Dara
Dara
Dara
Dark
Dark
Dark
Dark
Ereb
Ereb
Ereb
Ereb
Lonel
Lonel
Lonel
Lonel
Lonel
I
Khaz
Khaz
Khaz
Khaz
Mori
Mori
Mori
Mori
LindonAndTheGre
LindonAndTheGre
LindonAndTheGre
LindonAndTheGre
LindonAndTheGre
LindonAndTheGre
LindonAndTheGre
LindonAndTheGre
LindonAndTheGre
LindonAndTheGre
LindonAndTheGre
LindonAndTheGre
LindonAndTheGre
LindonAndTheGre
LindonAndTheGre
Loth
Loth
Loth
Loth
M
Mirk
Mirk
Mirk
Mirk
MistyM
MistyM
MistyM
MistyM
MistyM
MistyM
Moun
Moun
Moun
Moun
Riven
Riven
Riven
Riven
Riven
Shire
Shire
Shire
Shire
Shire